  源.cpp
d:\developer\c++dev\datastructure\datastructure\kmp.h(31): warning C4018: “<”: 有符号/无符号不匹配
d:\developer\c++dev\datastructure\datastructure\kmp.h(39): warning C4018: “<”: 有符号/无符号不匹配
d:\developer\c++dev\datastructure\datastructure\hashtable.h(31): warning C4018: “<”: 有符号/无符号不匹配
d:\developer\c++dev\datastructure\datastructure\hashtable.h(100): warning C4018: “>”: 有符号/无符号不匹配
  d:\developer\c++dev\datastructure\datastructure\hashtable.h(93): note: 编译 类 模板 成员函数 "bool HashTable<int>::insert(const HashObj &)" 时
          with
          [
              HashObj=int
          ]
  d:\developer\c++dev\datastructure\datastructure\源.cpp(134): note: 参见对正在编译的函数 模板 实例化“bool HashTable<int>::insert(const HashObj &)”的引用
          with
          [
              HashObj=int
          ]
  d:\developer\c++dev\datastructure\datastructure\源.cpp(133): note: 参见对正在编译的 类 模板 实例化 "HashTable<int>" 的引用
d:\developer\c++dev\datastructure\datastructure\hashtable.h(125): warning C4018: “<”: 有符号/无符号不匹配
  d:\developer\c++dev\datastructure\datastructure\hashtable.h(123): note: 编译 类 模板 成员函数 "void HashTable<int>::show(void)" 时
  d:\developer\c++dev\datastructure\datastructure\源.cpp(144): note: 参见对正在编译的函数 模板 实例化“void HashTable<int>::show(void)”的引用
d:\developer\c++dev\datastructure\datastructure\hashtable.h(142): warning C4018: “<”: 有符号/无符号不匹配
  d:\developer\c++dev\datastructure\datastructure\hashtable.h(139): note: 编译 类 模板 成员函数 "void HashTable<int>::rehash(void)" 时
  d:\developer\c++dev\datastructure\datastructure\hashtable.h(102): note: 参见对正在编译的函数 模板 实例化“void HashTable<int>::rehash(void)”的引用
  d:\developer\c++dev\datastructure\datastructure\hashtable.h(71): note: 编译 类 模板 成员函数 "HashTable<int>::HashTable(int)" 时
  d:\developer\c++dev\datastructure\datastructure\源.cpp(133): note: 参见对正在编译的函数 模板 实例化“HashTable<int>::HashTable(int)”的引用
d:\developer\c++dev\datastructure\datastructure\hashtable.h(147): warning C4018: “<”: 有符号/无符号不匹配
  DataStructure.vcxproj -> D:\Developer\C++Dev\DataStructure\Debug\DataStructure.exe
